      Step     Time          Energy          fmax
BFGS:    0 21:13:37      -24.896666        0.410595
BFGS:    1 21:14:04      -24.867660        0.368826
BFGS:    2 21:14:29      -24.709220        0.148427
BFGS:    3 21:15:02      -24.774213        0.012568
      Step     Time          Energy          fmax
BFGS:    0 22:30:09      -24.896666        0.410595
BFGS:    1 22:30:36      -24.867660        0.368826
BFGS:    2 22:31:02      -24.709220        0.148427
BFGS:    3 22:31:35      -24.774213        0.012568
      Step     Time          Energy          fmax
BFGS:    0 22:40:24      -24.896666        0.410595
BFGS:    1 22:40:51      -24.867660        0.368826
BFGS:    2 22:41:17      -24.709220        0.148427
BFGS:    3 22:41:50      -24.774213        0.012568
      Step     Time          Energy          fmax
BFGS:    0 22:46:22      -24.896666        0.410595
BFGS:    1 22:46:49      -24.867660        0.368826
BFGS:    2 22:47:16      -24.709220        0.148427
BFGS:    3 22:47:48      -24.774213        0.012568
      Step     Time          Energy          fmax
BFGS:    0 22:55:35      -24.896666        0.410595
BFGS:    1 22:56:02      -24.867660        0.368826
BFGS:    2 22:56:29      -24.709220        0.148427
BFGS:    3 22:57:01      -24.774213        0.012568
      Step     Time          Energy          fmax
BFGS:    0 23:05:40      -24.896666        0.410595
BFGS:    1 23:06:07      -24.867660        0.368826
BFGS:    2 23:06:33      -24.709220        0.148427
BFGS:    3 23:07:05      -24.774213        0.012568
      Step     Time          Energy          fmax
BFGS:    0 23:33:37      -24.896666        0.410595
BFGS:    1 23:34:04      -24.867660        0.368826
BFGS:    2 23:34:30      -24.709220        0.148427
BFGS:    3 23:35:03      -24.774213        0.012568
      Step     Time          Energy          fmax
BFGS:    0 23:56:19      -24.896666        0.410595
BFGS:    1 23:56:47      -24.867660        0.368826
BFGS:    2 23:57:13      -24.709220        0.148427
BFGS:    3 23:57:45      -24.774213        0.012568
      Step     Time          Energy          fmax
BFGS:    0 00:14:04      -24.896666        0.410595
BFGS:    1 00:14:31      -24.867660        0.368826
BFGS:    2 00:14:57      -24.709220        0.148427
BFGS:    3 00:15:30      -24.774213        0.012568
      Step     Time          Energy          fmax
BFGS:    0 00:37:32      -24.896666        0.410595
BFGS:    1 00:37:59      -24.867660        0.368826
BFGS:    2 00:38:25      -24.709220        0.148427
BFGS:    3 00:38:57      -24.774213        0.012568
      Step     Time          Energy          fmax
BFGS:    0 00:42:04      -24.896666        0.410595
BFGS:    1 00:42:31      -24.867660        0.368826
BFGS:    2 00:42:57      -24.709220        0.148427
BFGS:    3 00:43:30      -24.774213        0.012568
      Step     Time          Energy          fmax
BFGS:    0 00:45:46      -24.896666        0.410595
BFGS:    1 00:46:13      -24.867660        0.368826
BFGS:    2 00:46:39      -24.709220        0.148427
BFGS:    3 00:47:11      -24.774213        0.012568
      Step     Time          Energy          fmax
BFGS:    0 00:50:30      -24.896666        0.410595
BFGS:    1 00:50:57      -24.867660        0.368826
BFGS:    2 00:51:23      -24.709220        0.148427
BFGS:    3 00:51:55      -24.774213        0.012568
      Step     Time          Energy          fmax
BFGS:    0 00:54:16      -24.896666        0.410595
BFGS:    1 00:54:43      -24.867660        0.368826
BFGS:    2 00:55:09      -24.709220        0.148427
BFGS:    3 00:55:41      -24.774213        0.012568
      Step     Time          Energy          fmax
BFGS:    0 01:01:04      -24.896666        0.410595
BFGS:    1 01:01:31      -24.867660        0.368826
BFGS:    2 01:01:57      -24.709220        0.148427
BFGS:    3 01:02:29      -24.774213        0.012568
      Step     Time          Energy          fmax
BFGS:    0 01:10:20      -24.896666        0.410595
BFGS:    1 01:10:47      -24.867660        0.368826
BFGS:    2 01:11:13      -24.709220        0.148427
BFGS:    3 01:11:45      -24.774213        0.012568
      Step     Time          Energy          fmax
BFGS:    0 01:14:41      -24.896666        0.410595
BFGS:    1 01:15:09      -24.867660        0.368826
BFGS:    2 01:15:35      -24.709220        0.148427
BFGS:    3 01:16:07      -24.774213        0.012568
      Step     Time          Energy          fmax
BFGS:    0 01:26:54      -24.896666        0.410595
BFGS:    1 01:27:21      -24.867660        0.368826
BFGS:    2 01:27:47      -24.709220        0.148427
BFGS:    3 01:28:19      -24.774213        0.012568
      Step     Time          Energy          fmax
BFGS:    0 01:33:39      -24.896666        0.410595
BFGS:    1 01:34:06      -24.867660        0.368826
BFGS:    2 01:34:32      -24.709220        0.148427
BFGS:    3 01:35:04      -24.774213        0.012568
      Step     Time          Energy          fmax
BFGS:    0 01:37:50      -24.896666        0.410595
BFGS:    1 01:38:17      -24.867660        0.368826
BFGS:    2 01:38:43      -24.709220        0.148427
BFGS:    3 01:39:15      -24.774213        0.012568
      Step     Time          Energy          fmax
BFGS:    0 01:49:01      -24.896666        0.410595
BFGS:    1 01:49:28      -24.867660        0.368826
BFGS:    2 01:49:54      -24.709220        0.148427
BFGS:    3 01:50:26      -24.774213        0.012568
      Step     Time          Energy          fmax
BFGS:    0 01:58:04      -24.896666        0.410595
BFGS:    1 01:58:31      -24.867660        0.368826
BFGS:    2 01:58:57      -24.709220        0.148427
BFGS:    3 01:59:29      -24.774213        0.012568
      Step     Time          Energy          fmax
BFGS:    0 02:09:45      -24.896666        0.410595
BFGS:    1 02:10:11      -24.867660        0.368826
BFGS:    2 02:10:37      -24.709220        0.148427
BFGS:    3 02:11:09      -24.774213        0.012568
      Step     Time          Energy          fmax
BFGS:    0 02:14:08      -24.896666        0.410595
BFGS:    1 02:14:35      -24.867660        0.368826
BFGS:    2 02:15:01      -24.709220        0.148427
BFGS:    3 02:15:33      -24.774213        0.012568
      Step     Time          Energy          fmax
BFGS:    0 02:24:20      -24.896666        0.410595
BFGS:    1 02:24:47      -24.867660        0.368826
BFGS:    2 02:25:13      -24.709220        0.148427
BFGS:    3 02:25:45      -24.774213        0.012568
      Step     Time          Energy          fmax
BFGS:    0 02:32:04      -24.896666        0.410595
BFGS:    1 02:32:31      -24.867660        0.368826
BFGS:    2 02:32:57      -24.709220        0.148427
BFGS:    3 02:33:29      -24.774213        0.012568
      Step     Time          Energy          fmax
BFGS:    0 02:35:55      -24.896666        0.410595
BFGS:    1 02:36:22      -24.867660        0.368826
BFGS:    2 02:36:48      -24.709220        0.148427
BFGS:    3 02:37:20      -24.774213        0.012568
      Step     Time          Energy          fmax
BFGS:    0 02:39:46      -24.896666        0.410595
BFGS:    1 02:40:13      -24.867660        0.368826
BFGS:    2 02:40:38      -24.709220        0.148427
BFGS:    3 02:41:11      -24.774213        0.012568
      Step     Time          Energy          fmax
BFGS:    0 02:43:22      -24.896666        0.410595
BFGS:    1 02:43:50      -24.867660        0.368826
BFGS:    2 02:44:16      -24.709220        0.148427
BFGS:    3 02:44:48      -24.774213        0.012568
      Step     Time          Energy          fmax
BFGS:    0 02:48:20      -24.896666        0.410595
BFGS:    1 02:48:47      -24.867660        0.368826
BFGS:    2 02:49:13      -24.709220        0.148427
BFGS:    3 02:49:45      -24.774213        0.012568
      Step     Time          Energy          fmax
BFGS:    0 02:54:49      -24.896666        0.410595
BFGS:    1 02:55:16      -24.867660        0.368826
BFGS:    2 02:55:42      -24.709220        0.148427
BFGS:    3 02:56:14      -24.774213        0.012568
      Step     Time          Energy          fmax
BFGS:    0 02:58:07      -24.896666        0.410595
BFGS:    1 02:58:34      -24.867660        0.368826
BFGS:    2 02:59:00      -24.709220        0.148427
BFGS:    3 02:59:32      -24.774213        0.012568
      Step     Time          Energy          fmax
BFGS:    0 03:10:22      -24.896666        0.410595
BFGS:    1 03:10:49      -24.867660        0.368826
BFGS:    2 03:11:16      -24.709220        0.148427
BFGS:    3 03:11:48      -24.774213        0.012568
      Step     Time          Energy          fmax
BFGS:    0 03:20:40      -24.896666        0.410595
BFGS:    1 03:21:07      -24.867660        0.368826
BFGS:    2 03:21:33      -24.709220        0.148427
BFGS:    3 03:22:05      -24.774213        0.012568
      Step     Time          Energy          fmax
BFGS:    0 17:48:17      -24.896666        0.410595
BFGS:    1 17:48:44      -24.867660        0.368826
BFGS:    2 17:49:10      -24.709220        0.148427
BFGS:    3 17:49:42      -24.774213        0.012568
      Step     Time          Energy          fmax
BFGS:    0 18:04:43      -24.896666        0.410595
BFGS:    1 18:05:10      -24.867660        0.368826
BFGS:    2 18:05:35      -24.709220        0.148427
BFGS:    3 18:06:08      -24.774213        0.012568
      Step     Time          Energy          fmax
BFGS:    0 20:32:35      -24.896666        0.410595
BFGS:    1 20:33:02      -24.867660        0.368826
BFGS:    2 20:33:29      -24.709220        0.148427
BFGS:    3 20:34:02      -24.774213        0.012568
